[0.013s] Invoking command in '/home/lab-robotica/git_conrado/hacka_emanuelconrado/build/hacka_emanuelconrado': CMAKE_PREFIX_PATH=/opt/ros/humble:${CMAKE_PREFIX_PATH} /usr/bin/cmake --build /home/lab-robotica/git_conrado/hacka_emanuelconrado/build/hacka_emanuelconrado -- -j4 -l4
[0.069s] [35m[1mConsolidate compiler generated dependencies of target calculator_core[0m
[0.091s] [ 25%] [32mBuilding CXX object CMakeFiles/calculator_core.dir/src/manager_node.cpp.o[0m
[2.390s] In file included from [01m[K/home/lab-robotica/git_conrado/hacka_emanuelconrado/src/hacka_emanuelconrado/src/manager_node.cpp:1[m[K:
[2.391s] [01m[K/home/lab-robotica/git_conrado/hacka_emanuelconrado/src/hacka_emanuelconrado/include/hacka_emanuelconrado/manager_node.hpp:68:3:[m[K [01;31m[Kerror: [m[Kâ€˜[01m[Kstring[m[Kâ€™ does not name a type; did you mean â€˜[01m[Kstdin[m[Kâ€™?
[2.391s]    68 |   [01;31m[Kstring[m[K trace_;
[2.391s]       |   [01;31m[K^~~~~~[m[K
[2.391s]       |   [32m[Kstdin[m[K
[2.541s] [01m[K/home/lab-robotica/git_conrado/hacka_emanuelconrado/src/hacka_emanuelconrado/src/manager_node.cpp:[m[K In member function â€˜[01m[Kvoid manager_node_cpp::ManagerNode::trace()[m[Kâ€™:
[2.541s] [01m[K/home/lab-robotica/git_conrado/hacka_emanuelconrado/src/hacka_emanuelconrado/src/manager_node.cpp:148:6:[m[K [01;31m[Kerror: [m[Kâ€˜[01m[Ktrace_[m[Kâ€™ was not declared in this scope; did you mean â€˜[01m[Ktrace[m[Kâ€™?
[2.541s]   148 |   if([01;31m[Ktrace_[m[K == "tri"){
[2.541s]       |      [01;31m[K^~~~~~[m[K
[2.541s]       |      [32m[Ktrace[m[K
[2.541s] [01m[K/home/lab-robotica/git_conrado/hacka_emanuelconrado/src/hacka_emanuelconrado/src/manager_node.cpp:149:132:[m[K [01;31m[Kerror: [m[Kexpected â€˜[01m[K)[m[Kâ€™ before â€˜[01m[K;[m[Kâ€™ token
[2.541s]   149 | , 0.0, 2.0, 1.5, 0.0, 0.0, 1.5}[01;31m[K;[m[K
[2.541s]       |                                [01;31m[K^[m[K
[2.541s]       |                                [32m[K)[m[K
[2.543s] [01m[K/home/lab-robotica/git_conrado/hacka_emanuelconrado/src/hacka_emanuelconrado/src/manager_node.cpp:153:6:[m[K [01;31m[Kerror: [m[Kâ€˜[01m[Ktrace_[m[Kâ€™ was not declared in this scope; did you mean â€˜[01m[Ktrace[m[Kâ€™?
[2.544s]   153 |   if([01;31m[Ktrace_[m[K == "trape"){
[2.544s]       |      [01;31m[K^~~~~~[m[K
[2.544s]       |      [32m[Ktrace[m[K
[5.398s] gmake[2]: *** [CMakeFiles/calculator_core.dir/build.make:76: CMakeFiles/calculator_core.dir/src/manager_node.cpp.o] Error 1
[5.399s] gmake[1]: *** [CMakeFiles/Makefile2:165: CMakeFiles/calculator_core.dir/all] Error 2
[5.399s] gmake: *** [Makefile:146: all] Error 2
[5.402s] Invoked command in '/home/lab-robotica/git_conrado/hacka_emanuelconrado/build/hacka_emanuelconrado' returned '2': CMAKE_PREFIX_PATH=/opt/ros/humble:${CMAKE_PREFIX_PATH} /usr/bin/cmake --build /home/lab-robotica/git_conrado/hacka_emanuelconrado/build/hacka_emanuelconrado -- -j4 -l4
